[0128/035619:ERROR:tcp_listen_socket.cc(76)] Could not bind socket to 127.0.0.1:6004
[0128/035619:ERROR:node_debugger.cc(86)] Cannot start debugger server
[0130/195020:ERROR:file_io.cc(30)] read: expected 36, observed 0
[0201/103101:ERROR:file_io.cc(30)] read: expected 36, observed 0
[0202/131309:ERROR:process_info.cc(608)] range at 0x6de7511200000000, size 0x12d fully unreadable
[0202/131309:ERROR:process_info.cc(608)] range at 0x6de7517400000000, size 0x12d fully unreadable
[0202/131309:ERROR:process_info.cc(608)] range at 0x0, size 0x12d fully unreadable
[0202/131310:WARNING:in_range_cast.h(38)] value 1294629016830 out of range
[0202/131310:WARNING:in_range_cast.h(38)] value 1294629019308 out of range
[0202/131310:WARNING:in_range_cast.h(38)] value 1294629019648 out of range
[0202/131310:WARNING:in_range_cast.h(38)] value 1294629015128 out of range
[0203/151129:ERROR:file_io.cc(30)] read: expected 36, observed 0
[0220/231324.508:ERROR:settings.cc(261)] Settings magic is not 1129342067
[0221/104738.745:ERROR:file_io.cc(30)] read: expected 36, observed 0
[0221/135944.689:ERROR:file_io.cc(30)] read: expected 36, observed 0
[0221/163638.646:ERROR:file_io.cc(30)] read: expected 36, observed 0
[0221/212916.471:ERROR:process_info.cc(608)] range at 0x2dc552f600000000, size 0x287 fully unreadable
[0221/212916.471:ERROR:process_info.cc(608)] range at 0x2dc5535800000000, size 0x287 fully unreadable
[0221/212916.471:ERROR:process_info.cc(608)] range at 0x0, size 0x287 fully unreadable
[0221/212916.597:WARNING:in_range_cast.h(38)] value 2779611731194 out of range
[0221/212916.597:WARNING:in_range_cast.h(38)] value 2779611733672 out of range
[0221/212916.597:WARNING:in_range_cast.h(38)] value 2779611734012 out of range
[0221/212916.597:WARNING:in_range_cast.h(38)] value 2779611729496 out of range
